
> react-typescript-starter@0.1.0 test
> react-scripts test "--coverage"

PASS src/arrays.test.ts
PASS src/functions.test.ts
PASS src/quizzer/Quizzer.test.tsx
PASS src/App.test.tsx
----------------|---------|----------|---------|---------|-------------------
File            | % Stmts | % Branch | % Funcs | % Lines | Uncovered Line #s 
----------------|---------|----------|---------|---------|-------------------
All files       |   42.42 |    51.66 |    44.3 |   41.71 |                   
 src            |   41.23 |    51.66 |   41.33 |   40.43 |                   
  App.tsx       |     100 |      100 |     100 |     100 |                   
  arrays.ts     |     100 |      100 |     100 |     100 |                   
  functions.ts  |     100 |      100 |     100 |     100 |                   
  nested.ts     |       0 |        0 |       0 |       0 | 10-300            
  objects.ts    |       0 |        0 |       0 |       0 | 15-179            
 src/interfaces |       0 |        0 |       0 |       0 |                   
  answer.ts     |       0 |        0 |       0 |       0 |                   
  question.ts   |       0 |        0 |       0 |       0 |                   
  quiz.ts       |       0 |        0 |       0 |       0 |                   
 src/quizzer    |     100 |      100 |     100 |     100 |                   
  QuizList.tsx  |     100 |      100 |     100 |     100 |                   
  QuizView.tsx  |     100 |      100 |     100 |     100 |                   
  Quizzer.tsx   |     100 |      100 |     100 |     100 |                   
----------------|---------|----------|---------|---------|-------------------

Test Suites: 4 passed, 4 total
Tests:       16 passed, 16 total
Snapshots:   0 total
Time:        3.477 s
Ran all test suites.
